Parcial 3/SimonDice19100155/app/build/intermediates/manifest_merge_blame_file/release/manifest-merger-blame-release-report.txt
1<?xml version="1.0" encoding="utf-8"?>
2<manifest xmlns:android="http://schemas.android.com/apk/res/android"
3    package="com.ezequiel.simondice19100155"
4    android:versionCode="1"
5    android:versionName="1.0" >
6
7    <uses-sdk
8        android:minSdkVersion="24"
8-->src\main\AndroidManifest.xml
9        android:targetSdkVersion="33" />
9-->src\main\AndroidManifest.xml
10
11    <application
11-->src\main\AndroidManifest.xml:5:5-25:19
12        android:allowBackup="true"
12-->src\main\AndroidManifest.xml:6:9-35
13        android:appComponentFactory="androidx.core.app.CoreComponentFactory"
13-->[androidx.core:core:1.7.0] AndroidManifest.xml:24:18-86
14        android:dataExtractionRules="@xml/data_extraction_rules"
14-->src\main\AndroidManifest.xml:7:9-65
15        android:extractNativeLibs="false"
16        android:fullBackupContent="@xml/backup_rules"
16-->src\main\AndroidManifest.xml:8:9-54
17        android:icon="@mipmap/ic_launcher"
17-->src\main\AndroidManifest.xml:9:9-43
18        android:label="@string/app_name"
18-->src\main\AndroidManifest.xml:10:9-41
19        android:supportsRtl="true"
19-->src\main\AndroidManifest.xml:11:9-35
20        android:theme="@style/Theme.SimonDice19100155" >
20-->src\main\AndroidManifest.xml:12:9-55
21        <activity
21-->src\main\AndroidManifest.xml:14:9-24:20
22            android:name="com.ezequiel.simondice19100155.MainActivity"
22-->src\main\AndroidManifest.xml:15:13-41
23            android:exported="true"
23-->src\main\AndroidManifest.xml:16:13-36
24            android:label="@string/app_name"
24-->src\main\AndroidManifest.xml:17:13-45
25            android:theme="@style/Theme.SimonDice19100155" >
25-->src\main\AndroidManifest.xml:18:13-59
26            <intent-filter>
26-->src\main\AndroidManifest.xml:19:13-23:29
27                <action android:name="android.intent.action.MAIN" />
27-->src\main\AndroidManifest.xml:20:17-69
27-->src\main\AndroidManifest.xml:20:25-66
28
29                <category android:name="android.intent.category.LAUNCHER" />
29-->src\main\AndroidManifest.xml:22:17-77
29-->src\main\AndroidManifest.xml:22:27-74
30            </intent-filter>
31        </activity>
32
33        <provider
33-->[androidx.profileinstaller:profileinstaller:1.2.0] AndroidManifest.xml:25:9-33:20
34            android:name="androidx.startup.InitializationProvider"
34-->[androidx.profileinstaller:profileinstaller:1.2.0] AndroidManifest.xml:26:13-67
35            android:authorities="com.ezequiel.simondice19100155.androidx-startup"
35-->[androidx.profileinstaller:profileinstaller:1.2.0] AndroidManifest.xml:27:13-68
36            android:exported="false" >
36-->[androidx.profileinstaller:profileinstaller:1.2.0] AndroidManifest.xml:28:13-37
37            <meta-data
37-->[androidx.profileinstaller:profileinstaller:1.2.0] AndroidManifest.xml:30:13-32:52
38                android:name="androidx.profileinstaller.ProfileInstallerInitializer"
38-->[androidx.profileinstaller:profileinstaller:1.2.0] AndroidManifest.xml:31:17-85
39                android:value="androidx.startup" />
39-->[androidx.profileinstaller:profileinstaller:1.2.0] AndroidManifest.xml:32:17-49
40        </provider>
41
42        <receiver
42-->[androidx.profileinstaller:profileinstaller:1.2.0] AndroidManifest.xml:35:9-47:20
43            android:name="androidx.profileinstaller.ProfileInstallReceiver"
43-->[androidx.profileinstaller:profileinstaller:1.2.0] AndroidManifest.xml:36:13-76
44            android:directBootAware="false"
44-->[androidx.profileinstaller:profileinstaller:1.2.0] AndroidManifest.xml:37:13-44
45            android:enabled="true"
45-->[androidx.profileinstaller:profileinstaller:1.2.0] AndroidManifest.xml:38:13-35
46            android:exported="true"
46-->[androidx.profileinstaller:profileinstaller:1.2.0] AndroidManifest.xml:39:13-36
47            android:permission="android.permission.DUMP" >
47-->[androidx.profileinstaller:profileinstaller:1.2.0] AndroidManifest.xml:40:13-57
48            <intent-filter>
48-->[androidx.profileinstaller:profileinstaller:1.2.0] AndroidManifest.xml:41:13-43:29
49                <action android:name="androidx.profileinstaller.action.INSTALL_PROFILE" />
49-->[androidx.profileinstaller:profileinstaller:1.2.0] AndroidManifest.xml:42:17-91
49-->[androidx.profileinstaller:profileinstaller:1.2.0] AndroidManifest.xml:42:25-88
50            </intent-filter>
51            <intent-filter>
51-->[androidx.profileinstaller:profileinstaller:1.2.0] AndroidManifest.xml:44:13-46:29
52                <action android:name="androidx.profileinstaller.action.SKIP_FILE" />
52-->[androidx.profileinstaller:profileinstaller:1.2.0] AndroidManifest.xml:45:17-85
52-->[androidx.profileinstaller:profileinstaller:1.2.0] AndroidManifest.xml:45:25-82
53            </intent-filter>
54        </receiver>
55    </application>
56
57</manifest>